C:\PROJECT-HEARTBEAT-PS3-LIGHT\PROJECT-HEARTBEAT\PROJECT-HEARTBEAT\PS3_DEBUG\HB_BASE_NOTE.O
C:\PROJECT-HEARTBEAT-PS3-LIGHT\PROJECT-HEARTBEAT\PROJECT-HEARTBEAT\PS3_DEBUG\HB_BPM_CHANGE.O
C:\PROJECT-HEARTBEAT-PS3-LIGHT\PROJECT-HEARTBEAT\PROJECT-HEARTBEAT\PS3_DEBUG\HB_CHART.O
C:\PROJECT-HEARTBEAT-PS3-LIGHT\PROJECT-HEARTBEAT\PROJECT-HEARTBEAT\PS3_DEBUG\HB_CHART_SECTION.O
C:\PROJECT-HEARTBEAT-PS3-LIGHT\PROJECT-HEARTBEAT\PROJECT-HEARTBEAT\PS3_DEBUG\HB_DOUBLE_NOTE.O
C:\PROJECT-HEARTBEAT-PS3-LIGHT\PROJECT-HEARTBEAT\PROJECT-HEARTBEAT\PS3_DEBUG\HB_DURATION_NOTE_DATA.O
C:\PROJECT-HEARTBEAT-PS3-LIGHT\PROJECT-HEARTBEAT\PROJECT-HEARTBEAT\PS3_DEBUG\HB_EDITOR_TEMPLATE.O
C:\PROJECT-HEARTBEAT-PS3-LIGHT\PROJECT-HEARTBEAT\PROJECT-HEARTBEAT\PS3_DEBUG\HB_FOLDER.O
C:\PROJECT-HEARTBEAT-PS3-LIGHT\PROJECT-HEARTBEAT\PROJECT-HEARTBEAT\PS3_DEBUG\HB_GAME_INFO.O
C:\PROJECT-HEARTBEAT-PS3-LIGHT\PROJECT-HEARTBEAT\PROJECT-HEARTBEAT\PS3_DEBUG\HB_HISTORY_ENTRY.O
C:\PROJECT-HEARTBEAT-PS3-LIGHT\PROJECT-HEARTBEAT\PROJECT-HEARTBEAT\PS3_DEBUG\HB_INTRO_SKIP_MARKER.O
C:\PROJECT-HEARTBEAT-PS3-LIGHT\PROJECT-HEARTBEAT\PROJECT-HEARTBEAT\PS3_DEBUG\HB_NOTE_DATA.O
C:\PROJECT-HEARTBEAT-PS3-LIGHT\PROJECT-HEARTBEAT\PROJECT-HEARTBEAT\PS3_DEBUG\HB_PER_SONG_EDITOR_SETTINGS.O
C:\PROJECT-HEARTBEAT-PS3-LIGHT\PROJECT-HEARTBEAT\PROJECT-HEARTBEAT\PS3_DEBUG\HB_PER_SONG_SETTINGS.O
C:\PROJECT-HEARTBEAT-PS3-LIGHT\PROJECT-HEARTBEAT\PROJECT-HEARTBEAT\PS3_DEBUG\HB_RESULT.O
C:\PROJECT-HEARTBEAT-PS3-LIGHT\PROJECT-HEARTBEAT\PROJECT-HEARTBEAT\PS3_DEBUG\HB_RUSH_NOTE.O
C:\PROJECT-HEARTBEAT-PS3-LIGHT\PROJECT-HEARTBEAT\PROJECT-HEARTBEAT\PS3_DEBUG\HB_SERIALIZABLE.O
C:\PROJECT-HEARTBEAT-PS3-LIGHT\PROJECT-HEARTBEAT\PROJECT-HEARTBEAT\PS3_DEBUG\HB_SONG.O
C:\PROJECT-HEARTBEAT-PS3-LIGHT\PROJECT-HEARTBEAT\PROJECT-HEARTBEAT\PS3_DEBUG\HB_SONG_STATS.O
C:\PROJECT-HEARTBEAT-PS3-LIGHT\PROJECT-HEARTBEAT\PROJECT-HEARTBEAT\PS3_DEBUG\HB_SONG_VARIANT_DATA.O
C:\PROJECT-HEARTBEAT-PS3-LIGHT\PROJECT-HEARTBEAT\PROJECT-HEARTBEAT\PS3_DEBUG\HB_SUSTAIN_NOTE.O
C:\PROJECT-HEARTBEAT-PS3-LIGHT\PROJECT-HEARTBEAT\PROJECT-HEARTBEAT\PS3_DEBUG\HB_TIMING_CHANGE.O
C:\PROJECT-HEARTBEAT-PS3-LIGHT\PROJECT-HEARTBEAT\PROJECT-HEARTBEAT\PS3_DEBUG\HB_TIMING_POINT.O
C:\PROJECT-HEARTBEAT-PS3-LIGHT\PROJECT-HEARTBEAT\PROJECT-HEARTBEAT\PS3_DEBUG\HB_USER_SETTINGS.O
C:\PROJECT-HEARTBEAT-PS3-LIGHT\PROJECT-HEARTBEAT\PROJECT-HEARTBEAT\PS3_DEBUG\HB_WEB_USER_INFO.O
C:\PROJECT-HEARTBEAT-PS3-LIGHT\PROJECT-HEARTBEAT\PROJECT-HEARTBEAT\PS3_DEBUG\HB_GAME.O
C:\PROJECT-HEARTBEAT-PS3-LIGHT\PROJECT-HEARTBEAT\PROJECT-HEARTBEAT\PS3_DEBUG\HB_JUDGE.O
C:\PROJECT-HEARTBEAT-PS3-LIGHT\PROJECT-HEARTBEAT\PROJECT-HEARTBEAT\PS3_DEBUG\HB_SONG_LOADER.O
C:\PROJECT-HEARTBEAT-PS3-LIGHT\PROJECT-HEARTBEAT\PROJECT-HEARTBEAT\PS3_DEBUG\REGISTER_TYPES.O
C:\PROJECT-HEARTBEAT-PS3-LIGHT\PROJECT-HEARTBEAT\PROJECT-HEARTBEAT\PS3_DEBUG\HB_UI_COMPONENT.O
C:\PROJECT-HEARTBEAT-PS3-LIGHT\PROJECT-HEARTBEAT\PROJECT-HEARTBEAT\PS3_DEBUG\HB_INI_PARSER.O
C:\PROJECT-HEARTBEAT-PS3-LIGHT\PROJECT-HEARTBEAT\PROJECT-HEARTBEAT\PS3_DEBUG\HB_TOML_PARSER.O
C:\PROJECT-HEARTBEAT-PS3-LIGHT\PROJECT-HEARTBEAT\PROJECT-HEARTBEAT\PS3_DEBUG\HB_UTILS.O
C:\Project-Heartbeat-PS3-Light\Project-Heartbeat\Project-Heartbeat\PS3_Debug\ps3ppusnc.command.1.tlog
C:\Project-Heartbeat-PS3-Light\Project-Heartbeat\Project-Heartbeat\PS3_Debug\ps3ppusnc.read.1.tlog
C:\Project-Heartbeat-PS3-Light\Project-Heartbeat\Project-Heartbeat\PS3_Debug\ps3ppusnc.write.1.tlog
